   400: >>> E[0:00:00]-R[0:00:05]: Return=      -0.1, Steps=100.0, Features = 144
   800: >>> E[0:00:01]-R[0:00:05]: Return=      -0.1, Steps=100.0, Features = 144
  1200: >>> E[0:00:01]-R[0:00:05]: Return=      -0.1, Steps=100.0, Features = 144
  1600: >>> E[0:00:01]-R[0:00:04]: Return=      -0.1, Steps=100.0, Features = 144
  2000: >>> E[0:00:01]-R[0:00:04]: Return=      -0.1, Steps=100.0, Features = 144
  2400: >>> E[0:00:02]-R[0:00:04]: Return=      -0.1, Steps=100.0, Features = 144
  2800: >>> E[0:00:02]-R[0:00:03]: Return=      -0.1, Steps=100.0, Features = 144
  3200: >>> E[0:00:02]-R[0:00:03]: Return=      -0.1, Steps=100.0, Features = 144
  3600: >>> E[0:00:02]-R[0:00:03]: Return=      -0.1, Steps=100.0, Features = 144
  4000: >>> E[0:00:03]-R[0:00:03]: Return=      -0.1, Steps=100.0, Features = 144
  4400: >>> E[0:00:03]-R[0:00:02]: Return=   0.02817, Steps=96.95, Features = 144
  4800: >>> E[0:00:03]-R[0:00:02]: Return=     0.936, Steps=39.95, Features = 144
  5200: >>> E[0:00:03]-R[0:00:02]: Return=    0.9364, Steps=39.55, Features = 144
  5600: >>> E[0:00:04]-R[0:00:02]: Return=    0.9362, Steps=39.8, Features = 144
  6000: >>> E[0:00:04]-R[0:00:01]: Return=    0.9627, Steps=38.3, Features = 144
  6400: >>> E[0:00:04]-R[0:00:01]: Return=    0.9331, Steps=42.85, Features = 144
  6800: >>> E[0:00:04]-R[0:00:01]: Return=    0.9577, Steps=43.35, Features = 144
  7200: >>> E[0:00:05]-R[0:00:01]: Return=    0.4184, Steps=82.15, Features = 144
  7600: >>> E[0:00:05]-R[0:00:00]: Return=    0.9601, Steps=40.9, Features = 144
  8000: >>> E[0:00:05]-R[0:00:00]: Return=    0.6256, Steps=75.05, Features = 144
Total Experiment Duration 0:00:05
Output:			./Results/Meta/3agentmaze/Aug02_06-03-971884/
