   400: >>> E[0:00:00]-R[0:00:05]: Return=      -0.1, Steps=100.0, Features = 144
   800: >>> E[0:00:01]-R[0:00:05]: Return=      -0.1, Steps=100.0, Features = 144
  1200: >>> E[0:00:01]-R[0:00:04]: Return=      -0.1, Steps=100.0, Features = 144
  1600: >>> E[0:00:01]-R[0:00:04]: Return=      -0.1, Steps=100.0, Features = 144
  2000: >>> E[0:00:01]-R[0:00:04]: Return=      -0.1, Steps=100.0, Features = 144
  2400: >>> E[0:00:02]-R[0:00:04]: Return=      -0.1, Steps=100.0, Features = 144
  2800: >>> E[0:00:02]-R[0:00:03]: Return=  -0.04935, Steps=99.4, Features = 144
  3200: >>> E[0:00:02]-R[0:00:03]: Return=  -0.07453, Steps=99.55, Features = 144
  3600: >>> E[0:00:02]-R[0:00:03]: Return=  -0.07423, Steps=99.25, Features = 144
  4000: >>> E[0:00:02]-R[0:00:02]: Return=    0.3092, Steps=91.25, Features = 144
  4400: >>> E[0:00:03]-R[0:00:02]: Return=     0.852, Steps=48.9, Features = 144
  4800: >>> E[0:00:03]-R[0:00:02]: Return=    0.8809, Steps=45.0, Features = 144
  5200: >>> E[0:00:03]-R[0:00:02]: Return=    0.7351, Steps=65.7, Features = 144
  5600: >>> E[0:00:03]-R[0:00:01]: Return=    0.9626, Steps=38.4, Features = 144
  6000: >>> E[0:00:04]-R[0:00:01]: Return=    0.9591, Steps=41.95, Features = 144
  6400: >>> E[0:00:04]-R[0:00:01]: Return=    0.9598, Steps=41.2, Features = 144
  6800: >>> E[0:00:04]-R[0:00:01]: Return=    0.9625, Steps=38.55, Features = 144
  7200: >>> E[0:00:04]-R[0:00:00]: Return=    0.6809, Steps=69.8, Features = 144
  7600: >>> E[0:00:05]-R[0:00:00]: Return=    0.9623, Steps=38.75, Features = 144
  8000: >>> E[0:00:05]-R[0:00:00]: Return=    0.9627, Steps=38.3, Features = 144
Total Experiment Duration 0:00:05
Output:			./Results/Meta/3agentmaze/Aug02_06-03-971884/
