   400: >>> E[0:00:00]-R[0:00:05]: Return=      -0.1, Steps=100.0, Features = 144
   800: >>> E[0:00:00]-R[0:00:04]: Return=      -0.1, Steps=100.0, Features = 144
  1200: >>> E[0:00:01]-R[0:00:04]: Return=      -0.1, Steps=100.0, Features = 144
  1600: >>> E[0:00:01]-R[0:00:04]: Return=      -0.1, Steps=100.0, Features = 144
  2000: >>> E[0:00:01]-R[0:00:04]: Return=      -0.1, Steps=100.0, Features = 144
  2400: >>> E[0:00:02]-R[0:00:04]: Return=      -0.1, Steps=100.0, Features = 144
  2800: >>> E[0:00:02]-R[0:00:03]: Return=      -0.1, Steps=100.0, Features = 144
  3200: >>> E[0:00:02]-R[0:00:03]: Return=      -0.1, Steps=100.0, Features = 144
  3600: >>> E[0:00:02]-R[0:00:03]: Return=      -0.1, Steps=100.0, Features = 144
  4000: >>> E[0:00:03]-R[0:00:03]: Return=  -0.07448, Steps=99.5, Features = 144
  4400: >>> E[0:00:03]-R[0:00:02]: Return=    0.7348, Steps=66.0, Features = 144
  4800: >>> E[0:00:03]-R[0:00:02]: Return=    0.9536, Steps=47.45, Features = 144
  5200: >>> E[0:00:03]-R[0:00:02]: Return=     0.961, Steps=40.05, Features = 144
  5600: >>> E[0:00:04]-R[0:00:02]: Return=    0.9627, Steps=38.35, Features = 144
  6000: >>> E[0:00:04]-R[0:00:01]: Return=     0.959, Steps=42.05, Features = 144
  6400: >>> E[0:00:04]-R[0:00:01]: Return=    0.9589, Steps=42.05, Features = 144
  6800: >>> E[0:00:04]-R[0:00:01]: Return=    0.6468, Steps=78.95, Features = 144
  7200: >>> E[0:00:05]-R[0:00:01]: Return=    0.9629, Steps=38.1, Features = 144
  7600: >>> E[0:00:05]-R[0:00:00]: Return=    0.9619, Steps=39.1, Features = 144
  8000: >>> E[0:00:05]-R[0:00:00]: Return=    0.9601, Steps=40.9, Features = 144
Total Experiment Duration 0:00:05
Output:			./Results/Meta/3agentmaze/Aug02_06-03-971884/
