   400: >>> E[0:00:00]-R[0:00:05]: Return=  -0.07488, Steps=99.9, Features = 144
   800: >>> E[0:00:01]-R[0:00:05]: Return=      -0.1, Steps=100.0, Features = 144
  1200: >>> E[0:00:01]-R[0:00:05]: Return=      -0.1, Steps=100.0, Features = 144
  1600: >>> E[0:00:01]-R[0:00:04]: Return=      -0.1, Steps=100.0, Features = 144
  2000: >>> E[0:00:01]-R[0:00:04]: Return=      -0.1, Steps=100.0, Features = 144
  2400: >>> E[0:00:02]-R[0:00:04]: Return=      -0.1, Steps=100.0, Features = 144
  2800: >>> E[0:00:02]-R[0:00:04]: Return=      -0.1, Steps=100.0, Features = 144
  3200: >>> E[0:00:02]-R[0:00:04]: Return=  -0.02353, Steps=98.6, Features = 144
  3600: >>> E[0:00:03]-R[0:00:03]: Return=      -0.1, Steps=100.0, Features = 144
  4000: >>> E[0:00:03]-R[0:00:03]: Return=      -0.1, Steps=100.0, Features = 144
  4400: >>> E[0:00:03]-R[0:00:03]: Return=    0.8517, Steps=49.2, Features = 144
  4800: >>> E[0:00:04]-R[0:00:02]: Return=    0.9586, Steps=42.4, Features = 144
  5200: >>> E[0:00:04]-R[0:00:02]: Return=    0.9629, Steps=38.1, Features = 144
  5600: >>> E[0:00:04]-R[0:00:02]: Return=      -0.1, Steps=100.0, Features = 144
  6000: >>> E[0:00:04]-R[0:00:01]: Return=     0.961, Steps=40.05, Features = 144
  6400: >>> E[0:00:05]-R[0:00:01]: Return=    0.9617, Steps=39.25, Features = 144
  6800: >>> E[0:00:05]-R[0:00:01]: Return=    0.6484, Steps=77.35, Features = 144
  7200: >>> E[0:00:05]-R[0:00:01]: Return=    0.9582, Steps=42.85, Features = 144
  7600: >>> E[0:00:05]-R[0:00:00]: Return=    0.3427, Steps=82.75, Features = 144
  8000: >>> E[0:00:06]-R[0:00:00]: Return=  -0.07493, Steps=99.95, Features = 144
Total Experiment Duration 0:00:06
Output:			./Results/Meta/3agentmaze/Aug02_06-03-971884/
