   400: >>> E[0:00:00]-R[0:00:05]: Return=      -0.1, Steps=100.0, Features = 144
   800: >>> E[0:00:01]-R[0:00:05]: Return=      -0.1, Steps=100.0, Features = 144
  1200: >>> E[0:00:01]-R[0:00:05]: Return=      -0.1, Steps=100.0, Features = 144
  1600: >>> E[0:00:01]-R[0:00:05]: Return=      -0.1, Steps=100.0, Features = 144
  2000: >>> E[0:00:01]-R[0:00:04]: Return=      -0.1, Steps=100.0, Features = 144
  2400: >>> E[0:00:02]-R[0:00:04]: Return=      -0.1, Steps=100.0, Features = 144
  2800: >>> E[0:00:02]-R[0:00:04]: Return=      -0.1, Steps=100.0, Features = 144
  3200: >>> E[0:00:02]-R[0:00:03]: Return=      -0.1, Steps=100.0, Features = 144
  3600: >>> E[0:00:03]-R[0:00:03]: Return=      -0.1, Steps=100.0, Features = 144
  4000: >>> E[0:00:03]-R[0:00:03]: Return=      -0.1, Steps=100.0, Features = 144
  4400: >>> E[0:00:03]-R[0:00:03]: Return=    0.1557, Steps=94.6, Features = 144
  4800: >>> E[0:00:03]-R[0:00:02]: Return=    0.8751, Steps=50.8, Features = 144
  5200: >>> E[0:00:04]-R[0:00:02]: Return=    0.9013, Steps=49.65, Features = 144
  5600: >>> E[0:00:04]-R[0:00:02]: Return=    0.8803, Steps=45.6, Features = 144
  6000: >>> E[0:00:04]-R[0:00:01]: Return=    0.8353, Steps=65.6, Features = 144
  6400: >>> E[0:00:04]-R[0:00:01]: Return=    0.4158, Steps=84.7, Features = 144
  6800: >>> E[0:00:05]-R[0:00:01]: Return=    0.9633, Steps=37.65, Features = 144
  7200: >>> E[0:00:05]-R[0:00:01]: Return=    0.7312, Steps=69.6, Features = 144
  7600: >>> E[0:00:05]-R[0:00:00]: Return=    0.9631, Steps=37.85, Features = 144
  8000: >>> E[0:00:05]-R[0:00:00]: Return=    0.8623, Steps=63.65, Features = 144
Total Experiment Duration 0:00:05
Output:			./Results/Meta/3agentmaze/Aug02_06-03-971884/
